<?xml version="1.0" encoding="UTF-8" ?>
<testsuite tests="18" failures="0" name="Runner.TestRunner" time="263.35" errors="0" skipped="0">
  <properties>
    <property name="java.runtime.name" value="Java(TM) SE Runtime Environment"/>
    <property name="sun.boot.library.path" value="C:\Program Files\Java\jdk1.8.0_111\jre\bin"/>
    <property name="java.vm.version" value="25.111-b14"/>
    <property name="java.vm.vendor" value="Oracle Corporation"/>
    <property name="maven.multiModuleProjectDirectory" value="C:\Users\mahmoud0020\IdeaProjects\MavenSeleniumCucumber"/>
    <property name="java.vendor.url" value="http://java.oracle.com/"/>
    <property name="path.separator" value=";"/>
    <property name="guice.disable.misplaced.annotation.check" value="true"/>
    <property name="java.vm.name" value="Java HotSpot(TM) 64-Bit Server VM"/>
    <property name="file.encoding.pkg" value="sun.io"/>
    <property name="user.script" value=""/>
    <property name="user.country" value="US"/>
    <property name="sun.java.launcher" value="SUN_STANDARD"/>
    <property name="sun.os.patch.level" value=""/>
    <property name="java.vm.specification.name" value="Java Virtual Machine Specification"/>
    <property name="user.dir" value="C:\Users\mahmoud0020\IdeaProjects\MavenSeleniumCucumber"/>
    <property name="java.runtime.version" value="1.8.0_111-b14"/>
    <property name="java.awt.graphicsenv" value="sun.awt.Win32GraphicsEnvironment"/>
    <property name="java.endorsed.dirs" value="C:\Program Files\Java\jdk1.8.0_111\jre\lib\endorsed"/>
    <property name="os.arch" value="amd64"/>
    <property name="java.io.tmpdir" value="C:\Users\MAHMOU~1\AppData\Local\Temp\"/>
    <property name="line.separator" value="
"/>
    <property name="java.vm.specification.vendor" value="Oracle Corporation"/>
    <property name="user.variant" value=""/>
    <property name="os.name" value="Windows 10"/>
    <property name="classworlds.conf" value="C:\Program Files\JetBrains\IntelliJ IDEA 2020.3.2\plugins\maven\lib\maven3\bin\..\bin\m2.conf"/>
    <property name="sun.jnu.encoding" value="Cp1252"/>
    <property name="java.library.path" value="C:\Program Files\Java\jdk1.8.0_111\bin;C:\Windows\Sun\Java\bin;C:\Windows\system32;C:\Windows;C:\Program Files (x86)\Common Files\Oracle\Java\javapath;C:\ProgramData\Anaconda3;C:\ProgramData\Anaconda3\Library\mingw-w64\bin;C:\ProgramData\Anaconda3\Library\usr\bin;C:\ProgramData\Anaconda3\Library\bin;C:\ProgramData\Anaconda3\Scripts;C:\Windows\system32;C:\Windows;C:\Windows\System32\Wbem;C:\Windows\System32\WindowsPowerShell\v1.0\;C:\Windows\System32\OpenSSH\;C:\Program Files (x86)\Yarn\bin\;C:\Program Files\nodejs\;C:\Program Files\Docker\Docker\resources\bin;C:\ProgramData\DockerDesktop\version-bin;C:\Program Files\dotnet\;C:\Program Files\Microsoft SQL Server\130\Tools\Binn\;C:\Program Files\Microsoft SQL Server\Client SDK\ODBC\170\Tools\Binn\;C:\Program Files (x86)\EaseUS\Todo Backup\bin;C:\Program Files\Intel\WiFi\bin\;C:\Program Files\Common Files\Intel\WirelessCommon\;C:\Program Files\Amazon\AWSCLIV2\;C:\Program Files\Git\cmd;C:\Program Files\Amazon\AWSCLI;&quot;C:\Users\mahmoud0020\AppData\Roaming\Python\Scripts;&quot;;&quot;C:\Users\mahmoud0020\AppData\Local\Programs\Python\Python36\Scripts;&quot;;&quot;C:\Users\mahmoud0020\AppData\Roaming\Python\Python36\Scripts;&quot;;C:\ProgramData\Microsoft\Windows\Start Menu\Programs\WinRAR;C:\Program Files\WinRAR\WinRAR.exe;C:\Program Files\7-Zip\7z.exe;G:\downloads\zip.exe;C:\ProgramFiles\7-Zip;C:\Program Files\JetBrains\IntelliJ IDEA 2020.3.2\plugins\maven\lib\maven3\bin;C:\Users\mahmoud0020\AppData\Local\Microsoft\WindowsApps;C:\Users\mahmoud0020\AppData\Local\Yarn\bin;C:\Users\mahmoud0020\AppData\Local\Programs\Microsoft VS Code\bin;C:\Users\mahmoud0020\AppData\Roaming\npm;C:\Users\mahmoud0020\.dotnet\tools;C:\Program Files\Intel\WiFi\bin\;C:\Program Files\Common Files\Intel\WirelessCommon\;C:\Users\mahmoud0020\.ebcli-virtual-env\executables;C:\Users\mahmoud0020\AppData\Roaming\Python\Python37\Scripts;C:\Users\mahmoud0020\AppData\Roaming\Python\Scripts;C:\Program Files\WinRAR\WinRAR.exe;G:\downloads\zip.exe;;C:\Program Files\JetBrains\IntelliJ IDEA 2020.3.2\bin;;."/>
    <property name="maven.conf" value="C:\Program Files\JetBrains\IntelliJ IDEA 2020.3.2\plugins\maven\lib\maven3\bin\../conf"/>
    <property name="java.specification.name" value="Java Platform API Specification"/>
    <property name="java.class.version" value="52.0"/>
    <property name="sun.management.compiler" value="HotSpot 64-Bit Tiered Compilers"/>
    <property name="os.version" value="10.0"/>
    <property name="library.jansi.path" value="C:\Program Files\JetBrains\IntelliJ IDEA 2020.3.2\plugins\maven\lib\maven3\bin\..\lib\jansi-native"/>
    <property name="user.home" value="C:\Users\mahmoud0020"/>
    <property name="user.timezone" value="Africa/Cairo"/>
    <property name="java.awt.printerjob" value="sun.awt.windows.WPrinterJob"/>
    <property name="java.specification.version" value="1.8"/>
    <property name="file.encoding" value="Cp1252"/>
    <property name="user.name" value="mahmoud0020"/>
    <property name="java.class.path" value="C:\Program Files\JetBrains\IntelliJ IDEA 2020.3.2\plugins\maven\lib\maven3\bin\..\boot\plexus-classworlds-2.6.0.jar"/>
    <property name="java.vm.specification.version" value="1.8"/>
    <property name="sun.arch.data.model" value="64"/>
    <property name="java.home" value="C:\Program Files\Java\jdk1.8.0_111\jre"/>
    <property name="sun.java.command" value="org.codehaus.plexus.classworlds.launcher.Launcher clean test"/>
    <property name="java.specification.vendor" value="Oracle Corporation"/>
    <property name="user.language" value="en"/>
    <property name="awt.toolkit" value="sun.awt.windows.WToolkit"/>
    <property name="java.vm.info" value="mixed mode"/>
    <property name="java.version" value="1.8.0_111"/>
    <property name="java.ext.dirs" value="C:\Program Files\Java\jdk1.8.0_111\jre\lib\ext;C:\Windows\Sun\Java\lib\ext"/>
    <property name="sun.boot.class.path" value="C:\Program Files\Java\jdk1.8.0_111\jre\lib\resources.jar;C:\Program Files\Java\jdk1.8.0_111\jre\lib\rt.jar;C:\Program Files\Java\jdk1.8.0_111\jre\lib\sunrsasign.jar;C:\Program Files\Java\jdk1.8.0_111\jre\lib\jsse.jar;C:\Program Files\Java\jdk1.8.0_111\jre\lib\jce.jar;C:\Program Files\Java\jdk1.8.0_111\jre\lib\charsets.jar;C:\Program Files\Java\jdk1.8.0_111\jre\lib\jfr.jar;C:\Program Files\Java\jdk1.8.0_111\jre\classes"/>
    <property name="sun.stderr.encoding" value="cp437"/>
    <property name="java.vendor" value="Oracle Corporation"/>
    <property name="maven.home" value="C:\Program Files\JetBrains\IntelliJ IDEA 2020.3.2\plugins\maven\lib\maven3\bin\.."/>
    <property name="file.separator" value="\"/>
    <property name="java.vendor.url.bug" value="http://bugreport.sun.com/bugreport/"/>
    <property name="sun.cpu.endian" value="little"/>
    <property name="sun.io.unicode.encoding" value="UnicodeLittle"/>
    <property name="sun.stdout.encoding" value="cp437"/>
    <property name="sun.desktop" value="windows"/>
    <property name="sun.cpu.isalist" value="amd64"/>
  </properties>
  <testcase classname="user should be able to register to the system" name="user register with your data" time="12.97"/>
  <testcase classname="user can add product compare list" name="user add  two differnet product to compare list from Electronic category" time="15.878"/>
  <testcase classname="user can add product to wishlist #1" name="user add  product to Cart list from Digital category" time="14.438"/>
  <testcase classname="user can add product to wishlist #1" name="user add  product to Cart list from Electronics category" time="15.228"/>
  <testcase classname="user can add product to wishlist #2" name="user add  product to wishlist from jewelry category" time="13.965"/>
  <testcase classname="user can add product to wishlist #2" name="user add  product to wishlist from Book category" time="14.227"/>
  <testcase classname="user can filter product with color" name="user filter product with color Red" time="12.262"/>
  <testcase classname="user can filter product with color" name="user filter product with color Grey" time="11.399"/>
  <testcase classname="user can order any product" name="user make successfully order" time="43.876"/>
  <testcase classname="user can reset the password" name="user reset password using email" time="7.582"/>
  <testcase classname="user should search for any product" name="user search for any product" time="10.393"/>
  <testcase classname="user can selected different tag" name="user select tag game then display item" time="18.687"/>
  <testcase classname="user can selected different tag" name="user select computer tag" time="19.609"/>
  <testcase classname="user select random category" name="user select any category" time="11.062"/>
  <testcase classname="user select random category" name="user select any category and sub category" time="11.671"/>
  <testcase classname="user can switch between currencies US-Euro" name="user can switch between us dollar --&gt; Euro" time="12.08"/>
  <testcase classname="user can switch between currencies US-Euro" name="user can switch between Euro --&gt; dollar" time="10.397"/>
  <testcase classname="user should be able to login to the system" name="user login with valid username and password" time="7.626"/>
</testsuite>